mmap(NULL, 12288, PROT_READ|PROT_WRITE, MAP_PRIVATE|MAP_ANONYMOUS, -1, 0) = 0x7fa1a1c61000
open("/etc/ld.so.cache", O_RDONLY|O_CLOEXEC) = 3
mmap(NULL, 98914, PROT_READ, MAP_PRIVATE, 3, 0) = 0x7fa1a1c48000
open("/lib/x86_64-linux-gnu/libc.so.6", O_RDONLY|O_CLOEXEC) = 3
read(3, "\177ELF\2\1\1\3\0\0\0\0\0\0\0\0\3\0>\0\1\0\0\0\20\5\2\0\0\0\0\0"..., 832) = 832
mmap(NULL, 3959200, PROT_READ|PROT_EXEC, MAP_PRIVATE|MAP_DENYWRITE, 3, 0) = 0x7fa1a1679000
mmap(0x7fa1a1a36000, 24576, PROT_READ|PROT_WRITE, MAP_PRIVATE|MAP_FIXED|MAP_DENYWRITE, 3, 0x1bd000) = 0x7fa1a1a36000
mmap(0x7fa1a1a3c000, 14752, PROT_READ|PROT_WRITE, MAP_PRIVATE|MAP_FIXED|MAP_ANONYMOUS, -1, 0) = 0x7fa1a1a3c000
mmap(NULL, 8192, PROT_READ|PROT_WRITE, MAP_PRIVATE|MAP_ANONYMOUS, -1, 0) = 0x7fa1a1c46000
open("RESP_PIPE_27635", O_RDWR)         = 3
open("REQ_PIPE_27635", O_RDWR)          = 4
read(4, "\n", 1)                        = 1
read(4, "CREATE_SHM", 10)               = 10
read(4, "\365\243?\0", 7)               = 4
read(4, "\10", 1)                       = 1
read(4, "MAP_FILE", 8)                  = 8
read(4, "\30", 1)                       = 1
read(4, "test_root/lM7CnrhfAK.MuY", 24) = 24
open("test_root/lM7CnrhfAK.MuY", O_RDWR) = -1 EACCES (Permission denied)
mmap(0x7fa1a127e000, 18446744073709551615, PROT_READ, MAP_SHARED, -1, 0) = -1 EBADF (Bad file descriptor)
read(4, "\4", 1)                        = 1
read(4, "EXIT", 4)                      = 4
+++ exited with 0 +++
